Build started 30/05/2014 2:35:37 PM.
     1>Project "C:\Users\bodys_000\Desktop\311\1 Engine - finsihed scale\Final opy\3 add the skybox now\Code\ISE\ISE-Demo\ISE-Demo\ISE-Demo.vcxproj" on node 2 (build target(s)).
     1>InitializeBuildStatus:
         Creating "Debug\ISE-Demo.unsuccessfulbuild" because "AlwaysCreate" was specified.
       ClCompile:
         c:\Program Files (x86)\Microsoft Visual Studio 10.0\VC\bin\CL.exe /c /I"C:\Users\bodys_000\Desktop\311\1 Engine - finsihed scale\Final opy\3 add the skybox now\Code\ISE\ISE-Demo\\ThirdParty\assimp\include" /I"C:\Users\bodys_000\Desktop\311\1 Engine - finsihed scale\Final opy\3 add the skybox now\Code\ISE\ISE-Demo\\ThirdParty\SFML-2.1\include" /I"C:\Users\bodys_000\Desktop\311\1 Engine - finsihed scale\Final opy\3 add the skybox now\Code\ISE\ISE-Demo\\ThirdParty\lua5.1\include" /ZI /nologo /W3 /WX- /Od /Oy- /D WIN32 /D _DEBUG /D _CONSOLE /D _UNICODE /D UNICODE /Gm /EHsc /RTC1 /MDd /GS /fp:precise /Zc:wchar_t /Zc:forScope /Fo"Debug\\" /Fd"Debug\vc100.pdb" /Gd /TP /analyze- /errorReport:prompt Main.cpp
         Main.cpp
       ManifestResourceCompile:
         All outputs are up-to-date.
       Link:
         c:\Program Files (x86)\Microsoft Visual Studio 10.0\VC\bin\link.exe /ERRORREPORT:PROMPT /OUT:"C:\Users\bodys_000\Desktop\311\1 Engine - finsihed scale\Final opy\3 add the skybox now\Code\ISE\ISE-Demo\Debug\ISE-Demo.exe" /INCREMENTAL /NOLOGO /LIBPATH:"C:\Users\bodys_000\Desktop\311\1 Engine - finsihed scale\Final opy\3 add the skybox now\Code\ISE\ISE-Demo\\ThirdParty\assimp\lib\assimp_debug-dll_win32" /LIBPATH:"C:\Users\bodys_000\Desktop\311\1 Engine - finsihed scale\Final opy\3 add the skybox now\Code\ISE\ISE-Demo\\ThirdParty\SFML-2.1\lib" /LIBPATH:"C:\Users\bodys_000\Desktop\311\1 Engine - finsihed scale\Final opy\3 add the skybox now\Code\ISE\ISE-Demo\\ThirdParty\lua5.1\lib" "sfml-graphics-d.lib" "sfml-window-d.lib" "sfml-system-d.lib" "sfml-audio-d.lib" opengl32.lib glu32.lib assimp.lib lua5.1.lib lua51.lib luabindd.lib kernel32.lib user32.lib gdi32.lib winspool.lib comdlg32.lib advapi32.lib shell32.lib ole32.lib oleaut32.lib uuid.lib odbc32.lib odbccp32.lib /MANIFEST /ManifestFile:"Debug\ISE-Demo.exe.intermediate.manifest" /MANIFESTUAC:"level='asInvoker' uiAccess='false'" /DEBUG /PDB:"C:\Users\bodys_000\Desktop\311\1 Engine - finsihed scale\Final opy\3 add the skybox now\Code\ISE\ISE-Demo\Debug\ISE-Demo.pdb" /SUBSYSTEM:CONSOLE /TLBID:1 /DYNAMICBASE /NXCOMPAT /IMPLIB:"C:\Users\bodys_000\Desktop\311\1 Engine - finsihed scale\Final opy\3 add the skybox now\Code\ISE\ISE-Demo\Debug\ISE-Demo.lib" /MACHINE:X86 "Debug\ISE-Demo.exe.embed.manifest.res"
         Debug\AI.obj
         Debug\Animation.obj
         Debug\AssetMng.obj
         Debug\Camera.obj
         Debug\Clock.obj
         Debug\Effect.obj
         Debug\GameObject.obj
         Debug\GameObjectFactory.obj
         Debug\gameScript.obj
         Debug\HUD.obj
         Debug\Input.obj
         Debug\ISE.obj
         Debug\Loaderab.obj
         Debug\Main.obj
         Debug\Object2D.obj
         Debug\Object3D.obj
         Debug\objLoader.obj
         Debug\OPENGL_Facade.obj
         Debug\Render.obj
         Debug\RenderEngine.obj
         Debug\SFML_Clock.obj
         Debug\SFML_Facade.obj
         Debug\SFML_Input.obj
         Debug\SFML_Sound.obj
         Debug\SFML_Texture.obj
         Debug\Skybox.obj
         Debug\Sound.obj
         Debug\SoundEngine.obj
         Debug\Texture.obj
         Debug\Window.obj
       Manifest:
         c:\Program Files (x86)\Microsoft SDKs\Windows\v7.0A\bin\mt.exe /nologo /verbose /out:"Debug\ISE-Demo.exe.embed.manifest" /manifest "Debug\ISE-Demo.exe.intermediate.manifest"
         All outputs are up-to-date.
       LinkEmbedManifest:
         All outputs are up-to-date.
         ISE-Demo.vcxproj -> C:\Users\bodys_000\Desktop\311\1 Engine - finsihed scale\Final opy\3 add the skybox now\Code\ISE\ISE-Demo\Debug\ISE-Demo.exe
       FinalizeBuildStatus:
         Deleting file "Debug\ISE-Demo.unsuccessfulbuild".
         Touching "Debug\ISE-Demo.lastbuildstate".
     1>Done Building Project "C:\Users\bodys_000\Desktop\311\1 Engine - finsihed scale\Final opy\3 add the skybox now\Code\ISE\ISE-Demo\ISE-Demo\ISE-Demo.vcxproj" (build target(s)).

Build succeeded.

Time Elapsed 00:00:12.50
