Build started 30/05/2014 2:02:01 PM.
     1>Project "C:\Users\bodys_000\Desktop\311\1 Engine - finsihed scale\Final opy\3 add the skybox now\Code\ISE\ISE-Demo\ISE-Demo\ISE-Demo.vcxproj" on node 2 (build target(s)).
     1>InitializeBuildStatus:
         Creating "Debug\ISE-Demo.unsuccessfulbuild" because "AlwaysCreate" was specified.
       ClCompile:
         c:\Program Files (x86)\Microsoft Visual Studio 10.0\VC\bin\CL.exe /c /I"C:\Users\bodys_000\Desktop\311\1 Engine - finsihed scale\Final opy\3 add the skybox now\Code\ISE\ISE-Demo\\ThirdParty\assimp\include" /I"C:\Users\bodys_000\Desktop\311\1 Engine - finsihed scale\Final opy\3 add the skybox now\Code\ISE\ISE-Demo\\ThirdParty\SFML-2.1\include" /I"C:\Users\bodys_000\Desktop\311\1 Engine - finsihed scale\Final opy\3 add the skybox now\Code\ISE\ISE-Demo\\ThirdParty\lua5.1\include" /ZI /nologo /W3 /WX- /Od /Oy- /D WIN32 /D _DEBUG /D _CONSOLE /D _UNICODE /D UNICODE /Gm /EHsc /RTC1 /MDd /GS /fp:precise /Zc:wchar_t /Zc:forScope /Fo"Debug\\" /Fd"Debug\vc100.pdb" /Gd /TP /analyze- /errorReport:prompt AI.cpp Animation.cpp AssetMng.cpp Camera.cpp Clock.cpp Effect.cpp GameObject.cpp GameObjectFactory.cpp gameScript.cpp HUD.cpp Input.cpp ISE.cpp Loaderab.cpp Main.cpp Object2D.cpp Object3D.cpp objLoader.cpp OPENGL_Facade.cpp Render.cpp RenderEngine.cpp SFML_Clock.cpp SFML_Facade.cpp SFML_Input.cpp SFML_Sound.cpp SFML_Texture.cpp Skybox.cpp Sound.cpp SoundEngine.cpp Texture.cpp Window.cpp
         Window.cpp
     1>c:\users\bodys_000\desktop\311\1 engine - finsihed scale\final opy\3 add the skybox now\code\ise\ise-demo\ise-demo\window.cpp(27): warning C4244: 'argument' : conversion from 'float' to 'int', possible loss of data
     1>c:\users\bodys_000\desktop\311\1 engine - finsihed scale\final opy\3 add the skybox now\code\ise\ise-demo\ise-demo\window.cpp(27): warning C4244: 'argument' : conversion from 'float' to 'int', possible loss of data
     1>c:\users\bodys_000\desktop\311\1 engine - finsihed scale\final opy\3 add the skybox now\code\ise\ise-demo\ise-demo\window.cpp(52): warning C4244: '=' : conversion from 'int' to 'float', possible loss of data
     1>c:\users\bodys_000\desktop\311\1 engine - finsihed scale\final opy\3 add the skybox now\code\ise\ise-demo\ise-demo\window.cpp(57): warning C4244: '=' : conversion from 'int' to 'float', possible loss of data
         Texture.cpp
         SoundEngine.cpp
         Sound.cpp
         Skybox.cpp
     1>c:\users\bodys_000\desktop\311\1 engine - finsihed scale\final opy\3 add the skybox now\code\ise\ise-demo\ise-demo\skybox.cpp(32): warning C4244: 'initializing' : conversion from 'double' to 'float', possible loss of data
     1>c:\users\bodys_000\desktop\311\1 engine - finsihed scale\final opy\3 add the skybox now\code\ise\ise-demo\ise-demo\skybox.cpp(32): warning C4244: 'initializing' : conversion from 'double' to 'float', possible loss of data
     1>c:\users\bodys_000\desktop\311\1 engine - finsihed scale\final opy\3 add the skybox now\code\ise\ise-demo\ise-demo\skybox.cpp(32): warning C4244: 'initializing' : conversion from 'double' to 'float', possible loss of data
     1>c:\users\bodys_000\desktop\311\1 engine - finsihed scale\final opy\3 add the skybox now\code\ise\ise-demo\ise-demo\skybox.cpp(33): warning C4244: 'initializing' : conversion from 'double' to 'float', possible loss of data
     1>c:\users\bodys_000\desktop\311\1 engine - finsihed scale\final opy\3 add the skybox now\code\ise\ise-demo\ise-demo\skybox.cpp(33): warning C4244: 'initializing' : conversion from 'double' to 'float', possible loss of data
     1>c:\users\bodys_000\desktop\311\1 engine - finsihed scale\final opy\3 add the skybox now\code\ise\ise-demo\ise-demo\skybox.cpp(33): warning C4244: 'initializing' : conversion from 'double' to 'float', possible loss of data
     1>c:\users\bodys_000\desktop\311\1 engine - finsihed scale\final opy\3 add the skybox now\code\ise\ise-demo\ise-demo\skybox.cpp(34): warning C4244: 'initializing' : conversion from 'double' to 'float', possible loss of data
     1>c:\users\bodys_000\desktop\311\1 engine - finsihed scale\final opy\3 add the skybox now\code\ise\ise-demo\ise-demo\skybox.cpp(34): warning C4244: 'initializing' : conversion from 'double' to 'float', possible loss of data
     1>c:\users\bodys_000\desktop\311\1 engine - finsihed scale\final opy\3 add the skybox now\code\ise\ise-demo\ise-demo\skybox.cpp(34): warning C4244: 'initializing' : conversion from 'double' to 'float', possible loss of data
     1>c:\users\bodys_000\desktop\311\1 engine - finsihed scale\final opy\3 add the skybox now\code\ise\ise-demo\ise-demo\skybox.cpp(36): warning C4244: 'initializing' : conversion from 'double' to 'float', possible loss of data
     1>c:\users\bodys_000\desktop\311\1 engine - finsihed scale\final opy\3 add the skybox now\code\ise\ise-demo\ise-demo\skybox.cpp(36): warning C4244: 'initializing' : conversion from 'double' to 'float', possible loss of data
     1>c:\users\bodys_000\desktop\311\1 engine - finsihed scale\final opy\3 add the skybox now\code\ise\ise-demo\ise-demo\skybox.cpp(36): warning C4244: 'initializing' : conversion from 'double' to 'float', possible loss of data
     1>c:\users\bodys_000\desktop\311\1 engine - finsihed scale\final opy\3 add the skybox now\code\ise\ise-demo\ise-demo\skybox.cpp(37): warning C4244: 'initializing' : conversion from 'double' to 'float', possible loss of data
     1>c:\users\bodys_000\desktop\311\1 engine - finsihed scale\final opy\3 add the skybox now\code\ise\ise-demo\ise-demo\skybox.cpp(37): warning C4244: 'initializing' : conversion from 'double' to 'float', possible loss of data
     1>c:\users\bodys_000\desktop\311\1 engine - finsihed scale\final opy\3 add the skybox now\code\ise\ise-demo\ise-demo\skybox.cpp(37): warning C4244: 'initializing' : conversion from 'double' to 'float', possible loss of data
     1>c:\users\bodys_000\desktop\311\1 engine - finsihed scale\final opy\3 add the skybox now\code\ise\ise-demo\ise-demo\skybox.cpp(38): warning C4244: 'initializing' : conversion from 'double' to 'float', possible loss of data
     1>c:\users\bodys_000\desktop\311\1 engine - finsihed scale\final opy\3 add the skybox now\code\ise\ise-demo\ise-demo\skybox.cpp(38): warning C4244: 'initializing' : conversion from 'double' to 'float', possible loss of data
     1>c:\users\bodys_000\desktop\311\1 engine - finsihed scale\final opy\3 add the skybox now\code\ise\ise-demo\ise-demo\skybox.cpp(38): warning C4244: 'initializing' : conversion from 'double' to 'float', possible loss of data
     1>c:\users\bodys_000\desktop\311\1 engine - finsihed scale\final opy\3 add the skybox now\code\ise\ise-demo\ise-demo\skybox.cpp(76): warning C4244: '=' : conversion from 'double' to 'float', possible loss of data
     1>c:\users\bodys_000\desktop\311\1 engine - finsihed scale\final opy\3 add the skybox now\code\ise\ise-demo\ise-demo\skybox.cpp(77): warning C4244: '=' : conversion from 'double' to 'float', possible loss of data
     1>c:\users\bodys_000\desktop\311\1 engine - finsihed scale\final opy\3 add the skybox now\code\ise\ise-demo\ise-demo\skybox.cpp(78): warning C4244: '=' : conversion from 'double' to 'float', possible loss of data
     1>c:\users\bodys_000\desktop\311\1 engine - finsihed scale\final opy\3 add the skybox now\code\ise\ise-demo\ise-demo\skybox.cpp(80): warning C4244: '=' : conversion from 'double' to 'float', possible loss of data
     1>c:\users\bodys_000\desktop\311\1 engine - finsihed scale\final opy\3 add the skybox now\code\ise\ise-demo\ise-demo\skybox.cpp(81): warning C4244: '=' : conversion from 'double' to 'float', possible loss of data
     1>c:\users\bodys_000\desktop\311\1 engine - finsihed scale\final opy\3 add the skybox now\code\ise\ise-demo\ise-demo\skybox.cpp(82): warning C4244: '=' : conversion from 'double' to 'float', possible loss of data
     1>c:\users\bodys_000\desktop\311\1 engine - finsihed scale\final opy\3 add the skybox now\code\ise\ise-demo\ise-demo\skybox.cpp(84): warning C4244: '=' : conversion from 'double' to 'float', possible loss of data
     1>c:\users\bodys_000\desktop\311\1 engine - finsihed scale\final opy\3 add the skybox now\code\ise\ise-demo\ise-demo\skybox.cpp(85): warning C4244: '=' : conversion from 'double' to 'float', possible loss of data
     1>c:\users\bodys_000\desktop\311\1 engine - finsihed scale\final opy\3 add the skybox now\code\ise\ise-demo\ise-demo\skybox.cpp(86): warning C4244: '=' : conversion from 'double' to 'float', possible loss of data
     1>c:\users\bodys_000\desktop\311\1 engine - finsihed scale\final opy\3 add the skybox now\code\ise\ise-demo\ise-demo\skybox.cpp(90): warning C4244: '=' : conversion from 'double' to 'float', possible loss of data
     1>c:\users\bodys_000\desktop\311\1 engine - finsihed scale\final opy\3 add the skybox now\code\ise\ise-demo\ise-demo\skybox.cpp(91): warning C4244: '=' : conversion from 'double' to 'float', possible loss of data
     1>c:\users\bodys_000\desktop\311\1 engine - finsihed scale\final opy\3 add the skybox now\code\ise\ise-demo\ise-demo\skybox.cpp(92): warning C4244: '=' : conversion from 'double' to 'float', possible loss of data
     1>c:\users\bodys_000\desktop\311\1 engine - finsihed scale\final opy\3 add the skybox now\code\ise\ise-demo\ise-demo\skybox.cpp(94): warning C4244: '=' : conversion from 'double' to 'float', possible loss of data
     1>c:\users\bodys_000\desktop\311\1 engine - finsihed scale\final opy\3 add the skybox now\code\ise\ise-demo\ise-demo\skybox.cpp(95): warning C4244: '=' : conversion from 'double' to 'float', possible loss of data
     1>c:\users\bodys_000\desktop\311\1 engine - finsihed scale\final opy\3 add the skybox now\code\ise\ise-demo\ise-demo\skybox.cpp(96): warning C4244: '=' : conversion from 'double' to 'float', possible loss of data
     1>c:\users\bodys_000\desktop\311\1 engine - finsihed scale\final opy\3 add the skybox now\code\ise\ise-demo\ise-demo\skybox.cpp(98): warning C4244: '=' : conversion from 'double' to 'float', possible loss of data
     1>c:\users\bodys_000\desktop\311\1 engine - finsihed scale\final opy\3 add the skybox now\code\ise\ise-demo\ise-demo\skybox.cpp(99): warning C4244: '=' : conversion from 'double' to 'float', possible loss of data
     1>c:\users\bodys_000\desktop\311\1 engine - finsihed scale\final opy\3 add the skybox now\code\ise\ise-demo\ise-demo\skybox.cpp(100): warning C4244: '=' : conversion from 'double' to 'float', possible loss of data
     1>c:\users\bodys_000\desktop\311\1 engine - finsihed scale\final opy\3 add the skybox now\code\ise\ise-demo\ise-demo\skybox.cpp(128): warning C4244: '=' : conversion from 'double' to 'float', possible loss of data
     1>c:\users\bodys_000\desktop\311\1 engine - finsihed scale\final opy\3 add the skybox now\code\ise\ise-demo\ise-demo\skybox.cpp(129): warning C4244: '=' : conversion from 'double' to 'float', possible loss of data
     1>c:\users\bodys_000\desktop\311\1 engine - finsihed scale\final opy\3 add the skybox now\code\ise\ise-demo\ise-demo\skybox.cpp(130): warning C4244: '=' : conversion from 'double' to 'float', possible loss of data
     1>c:\users\bodys_000\desktop\311\1 engine - finsihed scale\final opy\3 add the skybox now\code\ise\ise-demo\ise-demo\skybox.cpp(132): warning C4244: '=' : conversion from 'double' to 'float', possible loss of data
     1>c:\users\bodys_000\desktop\311\1 engine - finsihed scale\final opy\3 add the skybox now\code\ise\ise-demo\ise-demo\skybox.cpp(133): warning C4244: '=' : conversion from 'double' to 'float', possible loss of data
     1>c:\users\bodys_000\desktop\311\1 engine - finsihed scale\final opy\3 add the skybox now\code\ise\ise-demo\ise-demo\skybox.cpp(134): warning C4244: '=' : conversion from 'double' to 'float', possible loss of data
     1>c:\users\bodys_000\desktop\311\1 engine - finsihed scale\final opy\3 add the skybox now\code\ise\ise-demo\ise-demo\skybox.cpp(136): warning C4244: '=' : conversion from 'double' to 'float', possible loss of data
     1>c:\users\bodys_000\desktop\311\1 engine - finsihed scale\final opy\3 add the skybox now\code\ise\ise-demo\ise-demo\skybox.cpp(137): warning C4244: '=' : conversion from 'double' to 'float', possible loss of data
     1>c:\users\bodys_000\desktop\311\1 engine - finsihed scale\final opy\3 add the skybox now\code\ise\ise-demo\ise-demo\skybox.cpp(138): warning C4244: '=' : conversion from 'double' to 'float', possible loss of data
     1>c:\users\bodys_000\desktop\311\1 engine - finsihed scale\final opy\3 add the skybox now\code\ise\ise-demo\ise-demo\skybox.cpp(142): warning C4244: '=' : conversion from 'double' to 'float', possible loss of data
     1>c:\users\bodys_000\desktop\311\1 engine - finsihed scale\final opy\3 add the skybox now\code\ise\ise-demo\ise-demo\skybox.cpp(143): warning C4244: '=' : conversion from 'double' to 'float', possible loss of data
     1>c:\users\bodys_000\desktop\311\1 engine - finsihed scale\final opy\3 add the skybox now\code\ise\ise-demo\ise-demo\skybox.cpp(144): warning C4244: '=' : conversion from 'double' to 'float', possible loss of data
     1>c:\users\bodys_000\desktop\311\1 engine - finsihed scale\final opy\3 add the skybox now\code\ise\ise-demo\ise-demo\skybox.cpp(146): warning C4244: '=' : conversion from 'double' to 'float', possible loss of data
     1>c:\users\bodys_000\desktop\311\1 engine - finsihed scale\final opy\3 add the skybox now\code\ise\ise-demo\ise-demo\skybox.cpp(147): warning C4244: '=' : conversion from 'double' to 'float', possible loss of data
     1>c:\users\bodys_000\desktop\311\1 engine - finsihed scale\final opy\3 add the skybox now\code\ise\ise-demo\ise-demo\skybox.cpp(148): warning C4244: '=' : conversion from 'double' to 'float', possible loss of data
     1>c:\users\bodys_000\desktop\311\1 engine - finsihed scale\final opy\3 add the skybox now\code\ise\ise-demo\ise-demo\skybox.cpp(150): warning C4244: '=' : conversion from 'double' to 'float', possible loss of data
     1>c:\users\bodys_000\desktop\311\1 engine - finsihed scale\final opy\3 add the skybox now\code\ise\ise-demo\ise-demo\skybox.cpp(151): warning C4244: '=' : conversion from 'double' to 'float', possible loss of data
     1>c:\users\bodys_000\desktop\311\1 engine - finsihed scale\final opy\3 add the skybox now\code\ise\ise-demo\ise-demo\skybox.cpp(152): warning C4244: '=' : conversion from 'double' to 'float', possible loss of data
     1>c:\users\bodys_000\desktop\311\1 engine - finsihed scale\final opy\3 add the skybox now\code\ise\ise-demo\ise-demo\skybox.cpp(180): warning C4244: '=' : conversion from 'double' to 'float', possible loss of data
     1>c:\users\bodys_000\desktop\311\1 engine - finsihed scale\final opy\3 add the skybox now\code\ise\ise-demo\ise-demo\skybox.cpp(181): warning C4244: '=' : conversion from 'double' to 'float', possible loss of data
     1>c:\users\bodys_000\desktop\311\1 engine - finsihed scale\final opy\3 add the skybox now\code\ise\ise-demo\ise-demo\skybox.cpp(182): warning C4244: '=' : conversion from 'double' to 'float', possible loss of data
     1>c:\users\bodys_000\desktop\311\1 engine - finsihed scale\final opy\3 add the skybox now\code\ise\ise-demo\ise-demo\skybox.cpp(184): warning C4244: '=' : conversion from 'double' to 'float', possible loss of data
     1>c:\users\bodys_000\desktop\311\1 engine - finsihed scale\final opy\3 add the skybox now\code\ise\ise-demo\ise-demo\skybox.cpp(185): warning C4244: '=' : conversion from 'double' to 'float', possible loss of data
     1>c:\users\bodys_000\desktop\311\1 engine - finsihed scale\final opy\3 add the skybox now\code\ise\ise-demo\ise-demo\skybox.cpp(186): warning C4244: '=' : conversion from 'double' to 'float', possible loss of data
     1>c:\users\bodys_000\desktop\311\1 engine - finsihed scale\final opy\3 add the skybox now\code\ise\ise-demo\ise-demo\skybox.cpp(188): warning C4244: '=' : conversion from 'double' to 'float', possible loss of data
     1>c:\users\bodys_000\desktop\311\1 engine - finsihed scale\final opy\3 add the skybox now\code\ise\ise-demo\ise-demo\skybox.cpp(189): warning C4244: '=' : conversion from 'double' to 'float', possible loss of data
     1>c:\users\bodys_000\desktop\311\1 engine - finsihed scale\final opy\3 add the skybox now\code\ise\ise-demo\ise-demo\skybox.cpp(190): warning C4244: '=' : conversion from 'double' to 'float', possible loss of data
     1>c:\users\bodys_000\desktop\311\1 engine - finsihed scale\final opy\3 add the skybox now\code\ise\ise-demo\ise-demo\skybox.cpp(194): warning C4244: '=' : conversion from 'double' to 'float', possible loss of data
     1>c:\users\bodys_000\desktop\311\1 engine - finsihed scale\final opy\3 add the skybox now\code\ise\ise-demo\ise-demo\skybox.cpp(195): warning C4244: '=' : conversion from 'double' to 'float', possible loss of data
     1>c:\users\bodys_000\desktop\311\1 engine - finsihed scale\final opy\3 add the skybox now\code\ise\ise-demo\ise-demo\skybox.cpp(196): warning C4244: '=' : conversion from 'double' to 'float', possible loss of data
     1>c:\users\bodys_000\desktop\311\1 engine - finsihed scale\final opy\3 add the skybox now\code\ise\ise-demo\ise-demo\skybox.cpp(198): warning C4244: '=' : conversion from 'double' to 'float', possible loss of data
     1>c:\users\bodys_000\desktop\311\1 engine - finsihed scale\final opy\3 add the skybox now\code\ise\ise-demo\ise-demo\skybox.cpp(199): warning C4244: '=' : conversion from 'double' to 'float', possible loss of data
     1>c:\users\bodys_000\desktop\311\1 engine - finsihed scale\final opy\3 add the skybox now\code\ise\ise-demo\ise-demo\skybox.cpp(200): warning C4244: '=' : conversion from 'double' to 'float', possible loss of data
     1>c:\users\bodys_000\desktop\311\1 engine - finsihed scale\final opy\3 add the skybox now\code\ise\ise-demo\ise-demo\skybox.cpp(202): warning C4244: '=' : conversion from 'double' to 'float', possible loss of data
     1>c:\users\bodys_000\desktop\311\1 engine - finsihed scale\final opy\3 add the skybox now\code\ise\ise-demo\ise-demo\skybox.cpp(203): warning C4244: '=' : conversion from 'double' to 'float', possible loss of data
     1>c:\users\bodys_000\desktop\311\1 engine - finsihed scale\final opy\3 add the skybox now\code\ise\ise-demo\ise-demo\skybox.cpp(204): warning C4244: '=' : conversion from 'double' to 'float', possible loss of data
     1>c:\users\bodys_000\desktop\311\1 engine - finsihed scale\final opy\3 add the skybox now\code\ise\ise-demo\ise-demo\skybox.cpp(232): warning C4244: '=' : conversion from 'double' to 'float', possible loss of data
     1>c:\users\bodys_000\desktop\311\1 engine - finsihed scale\final opy\3 add the skybox now\code\ise\ise-demo\ise-demo\skybox.cpp(233): warning C4244: '=' : conversion from 'double' to 'float', possible loss of data
     1>c:\users\bodys_000\desktop\311\1 engine - finsihed scale\final opy\3 add the skybox now\code\ise\ise-demo\ise-demo\skybox.cpp(234): warning C4244: '=' : conversion from 'double' to 'float', possible loss of data
     1>c:\users\bodys_000\desktop\311\1 engine - finsihed scale\final opy\3 add the skybox now\code\ise\ise-demo\ise-demo\skybox.cpp(236): warning C4244: '=' : conversion from 'double' to 'float', possible loss of data
     1>c:\users\bodys_000\desktop\311\1 engine - finsihed scale\final opy\3 add the skybox now\code\ise\ise-demo\ise-demo\skybox.cpp(237): warning C4244: '=' : conversion from 'double' to 'float', possible loss of data
     1>c:\users\bodys_000\desktop\311\1 engine - finsihed scale\final opy\3 add the skybox now\code\ise\ise-demo\ise-demo\skybox.cpp(238): warning C4244: '=' : conversion from 'double' to 'float', possible loss of data
     1>c:\users\bodys_000\desktop\311\1 engine - finsihed scale\final opy\3 add the skybox now\code\ise\ise-demo\ise-demo\skybox.cpp(240): warning C4244: '=' : conversion from 'double' to 'float', possible loss of data
     1>c:\users\bodys_000\desktop\311\1 engine - finsihed scale\final opy\3 add the skybox now\code\ise\ise-demo\ise-demo\skybox.cpp(241): warning C4244: '=' : conversion from 'double' to 'float', possible loss of data
     1>c:\users\bodys_000\desktop\311\1 engine - finsihed scale\final opy\3 add the skybox now\code\ise\ise-demo\ise-demo\skybox.cpp(242): warning C4244: '=' : conversion from 'double' to 'float', possible loss of data
     1>c:\users\bodys_000\desktop\311\1 engine - finsihed scale\final opy\3 add the skybox now\code\ise\ise-demo\ise-demo\skybox.cpp(246): warning C4244: '=' : conversion from 'double' to 'float', possible loss of data
     1>c:\users\bodys_000\desktop\311\1 engine - finsihed scale\final opy\3 add the skybox now\code\ise\ise-demo\ise-demo\skybox.cpp(247): warning C4244: '=' : conversion from 'double' to 'float', possible loss of data
     1>c:\users\bodys_000\desktop\311\1 engine - finsihed scale\final opy\3 add the skybox now\code\ise\ise-demo\ise-demo\skybox.cpp(248): warning C4244: '=' : conversion from 'double' to 'float', possible loss of data
     1>c:\users\bodys_000\desktop\311\1 engine - finsihed scale\final opy\3 add the skybox now\code\ise\ise-demo\ise-demo\skybox.cpp(250): warning C4244: '=' : conversion from 'double' to 'float', possible loss of data
     1>c:\users\bodys_000\desktop\311\1 engine - finsihed scale\final opy\3 add the skybox now\code\ise\ise-demo\ise-demo\skybox.cpp(251): warning C4244: '=' : conversion from 'double' to 'float', possible loss of data
     1>c:\users\bodys_000\desktop\311\1 engine - finsihed scale\final opy\3 add the skybox now\code\ise\ise-demo\ise-demo\skybox.cpp(252): warning C4244: '=' : conversion from 'double' to 'float', possible loss of data
     1>c:\users\bodys_000\desktop\311\1 engine - finsihed scale\final opy\3 add the skybox now\code\ise\ise-demo\ise-demo\skybox.cpp(254): warning C4244: '=' : conversion from 'double' to 'float', possible loss of data
     1>c:\users\bodys_000\desktop\311\1 engine - finsihed scale\final opy\3 add the skybox now\code\ise\ise-demo\ise-demo\skybox.cpp(255): warning C4244: '=' : conversion from 'double' to 'float', possible loss of data
     1>c:\users\bodys_000\desktop\311\1 engine - finsihed scale\final opy\3 add the skybox now\code\ise\ise-demo\ise-demo\skybox.cpp(256): warning C4244: '=' : conversion from 'double' to 'float', possible loss of data
     1>c:\users\bodys_000\desktop\311\1 engine - finsihed scale\final opy\3 add the skybox now\code\ise\ise-demo\ise-demo\skybox.cpp(284): warning C4244: '=' : conversion from 'double' to 'float', possible loss of data
     1>c:\users\bodys_000\desktop\311\1 engine - finsihed scale\final opy\3 add the skybox now\code\ise\ise-demo\ise-demo\skybox.cpp(285): warning C4244: '=' : conversion from 'double' to 'float', possible loss of data
     1>c:\users\bodys_000\desktop\311\1 engine - finsihed scale\final opy\3 add the skybox now\code\ise\ise-demo\ise-demo\skybox.cpp(286): warning C4244: '=' : conversion from 'double' to 'float', possible loss of data
     1>c:\users\bodys_000\desktop\311\1 engine - finsihed scale\final opy\3 add the skybox now\code\ise\ise-demo\ise-demo\skybox.cpp(288): warning C4244: '=' : conversion from 'double' to 'float', possible loss of data
     1>c:\users\bodys_000\desktop\311\1 engine - finsihed scale\final opy\3 add the skybox now\code\ise\ise-demo\ise-demo\skybox.cpp(289): warning C4244: '=' : conversion from 'double' to 'float', possible loss of data
     1>c:\users\bodys_000\desktop\311\1 engine - finsihed scale\final opy\3 add the skybox now\code\ise\ise-demo\ise-demo\skybox.cpp(290): warning C4244: '=' : conversion from 'double' to 'float', possible loss of data
     1>c:\users\bodys_000\desktop\311\1 engine - finsihed scale\final opy\3 add the skybox now\code\ise\ise-demo\ise-demo\skybox.cpp(292): warning C4244: '=' : conversion from 'double' to 'float', possible loss of data
     1>c:\users\bodys_000\desktop\311\1 engine - finsihed scale\final opy\3 add the skybox now\code\ise\ise-demo\ise-demo\skybox.cpp(293): warning C4244: '=' : conversion from 'double' to 'float', possible loss of data
     1>c:\users\bodys_000\desktop\311\1 engine - finsihed scale\final opy\3 add the skybox now\code\ise\ise-demo\ise-demo\skybox.cpp(294): warning C4244: '=' : conversion from 'double' to 'float', possible loss of data
     1>c:\users\bodys_000\desktop\311\1 engine - finsihed scale\final opy\3 add the skybox now\code\ise\ise-demo\ise-demo\skybox.cpp(298): warning C4244: '=' : conversion from 'double' to 'float', possible loss of data
     1>c:\users\bodys_000\desktop\311\1 engine - finsihed scale\final opy\3 add the skybox now\code\ise\ise-demo\ise-demo\skybox.cpp(299): warning C4244: '=' : conversion from 'double' to 'float', possible loss of data
     1>c:\users\bodys_000\desktop\311\1 engine - finsihed scale\final opy\3 add the skybox now\code\ise\ise-demo\ise-demo\skybox.cpp(300): warning C4244: '=' : conversion from 'double' to 'float', possible loss of data
     1>c:\users\bodys_000\desktop\311\1 engine - finsihed scale\final opy\3 add the skybox now\code\ise\ise-demo\ise-demo\skybox.cpp(302): warning C4244: '=' : conversion from 'double' to 'float', possible loss of data
     1>c:\users\bodys_000\desktop\311\1 engine - finsihed scale\final opy\3 add the skybox now\code\ise\ise-demo\ise-demo\skybox.cpp(303): warning C4244: '=' : conversion from 'double' to 'float', possible loss of data
     1>c:\users\bodys_000\desktop\311\1 engine - finsihed scale\final opy\3 add the skybox now\code\ise\ise-demo\ise-demo\skybox.cpp(304): warning C4244: '=' : conversion from 'double' to 'float', possible loss of data
     1>c:\users\bodys_000\desktop\311\1 engine - finsihed scale\final opy\3 add the skybox now\code\ise\ise-demo\ise-demo\skybox.cpp(306): warning C4244: '=' : conversion from 'double' to 'float', possible loss of data
     1>c:\users\bodys_000\desktop\311\1 engine - finsihed scale\final opy\3 add the skybox now\code\ise\ise-demo\ise-demo\skybox.cpp(307): warning C4244: '=' : conversion from 'double' to 'float', possible loss of data
     1>c:\users\bodys_000\desktop\311\1 engine - finsihed scale\final opy\3 add the skybox now\code\ise\ise-demo\ise-demo\skybox.cpp(308): warning C4244: '=' : conversion from 'double' to 'float', possible loss of data
         SFML_Texture.cpp
         SFML_Sound.cpp
     1>c:\users\bodys_000\desktop\311\1 engine - finsihed scale\final opy\3 add the skybox now\code\ise\ise-demo\ise-demo\sfml_sound.cpp(73): warning C4800: 'float' : forcing value to bool 'true' or 'false' (performance warning)
         SFML_Input.cpp
         SFML_Facade.cpp
         SFML_Clock.cpp
     1>c:\users\bodys_000\desktop\311\1 engine - finsihed scale\final opy\3 add the skybox now\code\ise\ise-demo\ise-demo\sfml_clock.cpp(17): warning C4244: 'return' : conversion from 'sf::Int32' to 'float', possible loss of data
         RenderEngine.cpp
         Render.cpp
         OPENGL_Facade.cpp
         objLoader.cpp
         Object3D.cpp
     1>c:\users\bodys_000\desktop\311\1 engine - finsihed scale\final opy\3 add the skybox now\code\ise\ise-demo\ise-demo\object3d.cpp(119): warning C4482: nonstandard extension used: enum 'Axis' used in qualified name
     1>c:\users\bodys_000\desktop\311\1 engine - finsihed scale\final opy\3 add the skybox now\code\ise\ise-demo\ise-demo\object3d.cpp(123): warning C4482: nonstandard extension used: enum 'Axis' used in qualified name
     1>c:\users\bodys_000\desktop\311\1 engine - finsihed scale\final opy\3 add the skybox now\code\ise\ise-demo\ise-demo\object3d.cpp(127): warning C4482: nonstandard extension used: enum 'Axis' used in qualified name
         Object2D.cpp
     1>c:\users\bodys_000\desktop\311\1 engine - finsihed scale\final opy\3 add the skybox now\code\ise\ise-demo\ise-demo\object2d.cpp(116): warning C4482: nonstandard extension used: enum 'Axis' used in qualified name
     1>c:\users\bodys_000\desktop\311\1 engine - finsihed scale\final opy\3 add the skybox now\code\ise\ise-demo\ise-demo\object2d.cpp(120): warning C4482: nonstandard extension used: enum 'Axis' used in qualified name
     1>c:\users\bodys_000\desktop\311\1 engine - finsihed scale\final opy\3 add the skybox now\code\ise\ise-demo\ise-demo\object2d.cpp(124): warning C4482: nonstandard extension used: enum 'Axis' used in qualified name
         Main.cpp
     1>c:\users\bodys_000\desktop\311\1 engine - finsihed scale\final opy\3 add the skybox now\code\ise\ise-demo\ise-demo\main.cpp(34): warning C4244: 'argument' : conversion from 'int' to 'float', possible loss of data
     1>c:\users\bodys_000\desktop\311\1 engine - finsihed scale\final opy\3 add the skybox now\code\ise\ise-demo\ise-demo\main.cpp(34): warning C4244: 'argument' : conversion from 'int' to 'float', possible loss of data
         Loaderab.cpp
         ISE.cpp
     1>c:\users\bodys_000\desktop\311\1 engine - finsihed scale\final opy\3 add the skybox now\code\ise\ise-demo\ise-demo\ise.cpp(9): warning C4305: 'argument' : truncation from 'double' to 'float'
     1>c:\users\bodys_000\desktop\311\1 engine - finsihed scale\final opy\3 add the skybox now\code\ise\ise-demo\ise-demo\ise.cpp(9): warning C4305: 'argument' : truncation from 'double' to 'float'
     1>c:\users\bodys_000\desktop\311\1 engine - finsihed scale\final opy\3 add the skybox now\code\ise\ise-demo\ise-demo\ise.cpp(10): warning C4244: 'argument' : conversion from 'double' to 'int', possible loss of data
     1>c:\users\bodys_000\desktop\311\1 engine - finsihed scale\final opy\3 add the skybox now\code\ise\ise-demo\ise-demo\ise.cpp(10): warning C4244: 'argument' : conversion from 'double' to 'int', possible loss of data
     1>c:\users\bodys_000\desktop\311\1 engine - finsihed scale\final opy\3 add the skybox now\code\ise\ise-demo\ise-demo\ise.cpp(22): warning C4305: '=' : truncation from 'double' to 'float'
     1>c:\users\bodys_000\desktop\311\1 engine - finsihed scale\final opy\3 add the skybox now\code\ise\ise-demo\ise-demo\ise.cpp(50): warning C4018: '<' : signed/unsigned mismatch
     1>c:\users\bodys_000\desktop\311\1 engine - finsihed scale\final opy\3 add the skybox now\code\ise\ise-demo\ise-demo\ise.cpp(155): warning C4482: nonstandard extension used: enum 'Axis' used in qualified name
     1>c:\users\bodys_000\desktop\311\1 engine - finsihed scale\final opy\3 add the skybox now\code\ise\ise-demo\ise-demo\ise.cpp(156): warning C4482: nonstandard extension used: enum 'Axis' used in qualified name
     1>c:\users\bodys_000\desktop\311\1 engine - finsihed scale\final opy\3 add the skybox now\code\ise\ise-demo\ise-demo\ise.cpp(157): warning C4482: nonstandard extension used: enum 'Axis' used in qualified name
     1>c:\users\bodys_000\desktop\311\1 engine - finsihed scale\final opy\3 add the skybox now\code\ise\ise-demo\ise-demo\ise.cpp(196): warning C4482: nonstandard extension used: enum 'Axis' used in qualified name
     1>c:\users\bodys_000\desktop\311\1 engine - finsihed scale\final opy\3 add the skybox now\code\ise\ise-demo\ise-demo\ise.cpp(197): warning C4482: nonstandard extension used: enum 'Axis' used in qualified name
     1>c:\users\bodys_000\desktop\311\1 engine - finsihed scale\final opy\3 add the skybox now\code\ise\ise-demo\ise-demo\ise.cpp(198): warning C4482: nonstandard extension used: enum 'Axis' used in qualified name
     1>c:\users\bodys_000\desktop\311\1 engine - finsihed scale\final opy\3 add the skybox now\code\ise\ise-demo\ise-demo\ise.cpp(322): warning C4244: '=' : conversion from 'int' to 'float', possible loss of data
     1>c:\users\bodys_000\desktop\311\1 engine - finsihed scale\final opy\3 add the skybox now\code\ise\ise-demo\ise-demo\ise.cpp(323): warning C4244: '=' : conversion from 'int' to 'float', possible loss of data
     1>c:\users\bodys_000\desktop\311\1 engine - finsihed scale\final opy\3 add the skybox now\code\ise\ise-demo\ise-demo\ise.cpp(324): warning C4244: 'argument' : conversion from 'float' to 'int', possible loss of data
     1>c:\users\bodys_000\desktop\311\1 engine - finsihed scale\final opy\3 add the skybox now\code\ise\ise-demo\ise-demo\ise.cpp(325): warning C4244: 'argument' : conversion from 'float' to 'int', possible loss of data
     1>c:\users\bodys_000\desktop\311\1 engine - finsihed scale\final opy\3 add the skybox now\code\ise\ise-demo\ise-demo\ise.cpp(347): warning C4018: '<' : signed/unsigned mismatch
     1>c:\users\bodys_000\desktop\311\1 engine - finsihed scale\final opy\3 add the skybox now\code\ise\ise-demo\ise-demo\ise.cpp(355): warning C4482: nonstandard extension used: enum 'Axis' used in qualified name
     1>c:\users\bodys_000\desktop\311\1 engine - finsihed scale\final opy\3 add the skybox now\code\ise\ise-demo\ise-demo\ise.cpp(356): warning C4482: nonstandard extension used: enum 'Axis' used in qualified name
     1>c:\users\bodys_000\desktop\311\1 engine - finsihed scale\final opy\3 add the skybox now\code\ise\ise-demo\ise-demo\ise.cpp(357): warning C4482: nonstandard extension used: enum 'Axis' used in qualified name
     1>c:\users\bodys_000\desktop\311\1 engine - finsihed scale\final opy\3 add the skybox now\code\ise\ise-demo\ise-demo\ise.cpp(390): warning C4482: nonstandard extension used: enum 'Axis' used in qualified name
     1>c:\users\bodys_000\desktop\311\1 engine - finsihed scale\final opy\3 add the skybox now\code\ise\ise-demo\ise-demo\ise.cpp(401): warning C4482: nonstandard extension used: enum 'Axis' used in qualified name
     1>c:\users\bodys_000\desktop\311\1 engine - finsihed scale\final opy\3 add the skybox now\code\ise\ise-demo\ise-demo\ise.cpp(412): warning C4482: nonstandard extension used: enum 'Axis' used in qualified name
     1>c:\users\bodys_000\desktop\311\1 engine - finsihed scale\final opy\3 add the skybox now\code\ise\ise-demo\ise-demo\ise.cpp(413): warning C4482: nonstandard extension used: enum 'Axis' used in qualified name
     1>c:\users\bodys_000\desktop\311\1 engine - finsihed scale\final opy\3 add the skybox now\code\ise\ise-demo\ise-demo\ise.cpp(424): warning C4482: nonstandard extension used: enum 'Axis' used in qualified name
     1>c:\users\bodys_000\desktop\311\1 engine - finsihed scale\final opy\3 add the skybox now\code\ise\ise-demo\ise-demo\ise.cpp(435): warning C4482: nonstandard extension used: enum 'Axis' used in qualified name
     1>c:\users\bodys_000\desktop\311\1 engine - finsihed scale\final opy\3 add the skybox now\code\ise\ise-demo\ise-demo\ise.cpp(436): warning C4482: nonstandard extension used: enum 'Axis' used in qualified name
         Input.cpp
         Generating Code...
         Compiling...
         HUD.cpp
     1>c:\users\bodys_000\desktop\311\1 engine - finsihed scale\final opy\3 add the skybox now\code\ise\ise-demo\ise-demo\hud.cpp(119): warning C4482: nonstandard extension used: enum 'Axis' used in qualified name
     1>c:\users\bodys_000\desktop\311\1 engine - finsihed scale\final opy\3 add the skybox now\code\ise\ise-demo\ise-demo\hud.cpp(123): warning C4482: nonstandard extension used: enum 'Axis' used in qualified name
     1>c:\users\bodys_000\desktop\311\1 engine - finsihed scale\final opy\3 add the skybox now\code\ise\ise-demo\ise-demo\hud.cpp(127): warning C4482: nonstandard extension used: enum 'Axis' used in qualified name
         gameScript.cpp
         GameObjectFactory.cpp
         GameObject.cpp
         Effect.cpp
     1>c:\users\bodys_000\desktop\311\1 engine - finsihed scale\final opy\3 add the skybox now\code\ise\ise-demo\ise-demo\effect.cpp(116): warning C4482: nonstandard extension used: enum 'Axis' used in qualified name
     1>c:\users\bodys_000\desktop\311\1 engine - finsihed scale\final opy\3 add the skybox now\code\ise\ise-demo\ise-demo\effect.cpp(120): warning C4482: nonstandard extension used: enum 'Axis' used in qualified name
     1>c:\users\bodys_000\desktop\311\1 engine - finsihed scale\final opy\3 add the skybox now\code\ise\ise-demo\ise-demo\effect.cpp(124): warning C4482: nonstandard extension used: enum 'Axis' used in qualified name
         Clock.cpp
         Camera.cpp
     1>c:\users\bodys_000\desktop\311\1 engine - finsihed scale\final opy\3 add the skybox now\code\ise\ise-demo\ise-demo\camera.cpp(32): warning C4305: '=' : truncation from 'double' to 'float'
     1>c:\users\bodys_000\desktop\311\1 engine - finsihed scale\final opy\3 add the skybox now\code\ise\ise-demo\ise-demo\camera.cpp(219): warning C4244: '-=' : conversion from 'double' to 'float', possible loss of data
     1>c:\users\bodys_000\desktop\311\1 engine - finsihed scale\final opy\3 add the skybox now\code\ise\ise-demo\ise-demo\camera.cpp(254): warning C4244: '+=' : conversion from 'double' to 'float', possible loss of data
     1>c:\users\bodys_000\desktop\311\1 engine - finsihed scale\final opy\3 add the skybox now\code\ise\ise-demo\ise-demo\camera.cpp(417): warning C4244: 'argument' : conversion from 'float' to 'int', possible loss of data
     1>c:\users\bodys_000\desktop\311\1 engine - finsihed scale\final opy\3 add the skybox now\code\ise\ise-demo\ise-demo\camera.cpp(417): warning C4244: 'argument' : conversion from 'float' to 'int', possible loss of data
     1>c:\users\bodys_000\desktop\311\1 engine - finsihed scale\final opy\3 add the skybox now\code\ise\ise-demo\ise-demo\camera.cpp(417): warning C4244: 'argument' : conversion from 'float' to 'int', possible loss of data
     1>c:\users\bodys_000\desktop\311\1 engine - finsihed scale\final opy\3 add the skybox now\code\ise\ise-demo\ise-demo\camera.cpp(417): warning C4244: 'argument' : conversion from 'float' to 'int', possible loss of data
         AssetMng.cpp
     1>c:\users\bodys_000\desktop\311\1 engine - finsihed scale\final opy\3 add the skybox now\code\ise\ise-demo\ise-demo\assetmng.cpp(134): warning C4172: returning address of local variable or temporary
         Animation.cpp
     1>c:\users\bodys_000\desktop\311\1 engine - finsihed scale\final opy\3 add the skybox now\code\ise\ise-demo\ise-demo\animation.cpp(39): warning C4018: '<' : signed/unsigned mismatch
         AI.cpp
     1>c:\users\bodys_000\desktop\311\1 engine - finsihed scale\final opy\3 add the skybox now\code\ise\ise-demo\ise-demo\ai.cpp(15): warning C4244: 'argument' : conversion from 'time_t' to 'unsigned int', possible loss of data
     1>c:\users\bodys_000\desktop\311\1 engine - finsihed scale\final opy\3 add the skybox now\code\ise\ise-demo\ise-demo\ai.cpp(129): warning C4244: '=' : conversion from 'double' to 'float', possible loss of data
     1>c:\users\bodys_000\desktop\311\1 engine - finsihed scale\final opy\3 add the skybox now\code\ise\ise-demo\ise-demo\ai.cpp(130): warning C4244: '=' : conversion from 'double' to 'float', possible loss of data
         Generating Code...
     1>c:\users\bodys_000\desktop\311\1 engine - finsihed scale\final opy\3 add the skybox now\code\ise\ise-demo\ise-demo\gameobjectfactory.cpp(29): warning C4715: 'GameObjectFactory::Create' : not all control paths return a value
       ManifestResourceCompile:
         c:\Program Files (x86)\Microsoft SDKs\Windows\v7.0A\bin\rc.exe /nologo /fo"Debug\ISE-Demo.exe.embed.manifest.res" Debug\ISE-Demo_manifest.rc 
       Link:
         c:\Program Files (x86)\Microsoft Visual Studio 10.0\VC\bin\link.exe /ERRORREPORT:PROMPT /OUT:"C:\Users\bodys_000\Desktop\311\1 Engine - finsihed scale\Final opy\3 add the skybox now\Code\ISE\ISE-Demo\Debug\ISE-Demo.exe" /INCREMENTAL /NOLOGO /LIBPATH:"C:\Users\bodys_000\Desktop\311\1 Engine - finsihed scale\Final opy\3 add the skybox now\Code\ISE\ISE-Demo\\ThirdParty\assimp\lib\assimp_debug-dll_win32" /LIBPATH:"C:\Users\bodys_000\Desktop\311\1 Engine - finsihed scale\Final opy\3 add the skybox now\Code\ISE\ISE-Demo\\ThirdParty\SFML-2.1\lib" /LIBPATH:"C:\Users\bodys_000\Desktop\311\1 Engine - finsihed scale\Final opy\3 add the skybox now\Code\ISE\ISE-Demo\\ThirdParty\lua5.1\lib" "sfml-graphics-d.lib" "sfml-window-d.lib" "sfml-system-d.lib" "sfml-audio-d.lib" opengl32.lib glu32.lib assimp.lib lua5.1.lib lua51.lib luabindd.lib kernel32.lib user32.lib gdi32.lib winspool.lib comdlg32.lib advapi32.lib shell32.lib ole32.lib oleaut32.lib uuid.lib odbc32.lib odbccp32.lib /MANIFEST /ManifestFile:"Debug\ISE-Demo.exe.intermediate.manifest" /MANIFESTUAC:"level='asInvoker' uiAccess='false'" /DEBUG /PDB:"C:\Users\bodys_000\Desktop\311\1 Engine - finsihed scale\Final opy\3 add the skybox now\Code\ISE\ISE-Demo\Debug\ISE-Demo.pdb" /SUBSYSTEM:CONSOLE /TLBID:1 /DYNAMICBASE /NXCOMPAT /IMPLIB:"C:\Users\bodys_000\Desktop\311\1 Engine - finsihed scale\Final opy\3 add the skybox now\Code\ISE\ISE-Demo\Debug\ISE-Demo.lib" /MACHINE:X86 "Debug\ISE-Demo.exe.embed.manifest.res"
         Debug\AI.obj
         Debug\Animation.obj
         Debug\AssetMng.obj
         Debug\Camera.obj
         Debug\Clock.obj
         Debug\Effect.obj
         Debug\GameObject.obj
         Debug\GameObjectFactory.obj
         Debug\gameScript.obj
         Debug\HUD.obj
         Debug\Input.obj
         Debug\ISE.obj
         Debug\Loaderab.obj
         Debug\Main.obj
         Debug\Object2D.obj
         Debug\Object3D.obj
         Debug\objLoader.obj
         Debug\OPENGL_Facade.obj
         Debug\Render.obj
         Debug\RenderEngine.obj
         Debug\SFML_Clock.obj
         Debug\SFML_Facade.obj
         Debug\SFML_Input.obj
         Debug\SFML_Sound.obj
         Debug\SFML_Texture.obj
         Debug\Skybox.obj
         Debug\Sound.obj
         Debug\SoundEngine.obj
         Debug\Texture.obj
         Debug\Window.obj
       Manifest:
         c:\Program Files (x86)\Microsoft SDKs\Windows\v7.0A\bin\mt.exe /nologo /verbose /out:"Debug\ISE-Demo.exe.embed.manifest" /manifest "Debug\ISE-Demo.exe.intermediate.manifest"
         All outputs are up-to-date.
       LinkEmbedManifest:
         All outputs are up-to-date.
         ISE-Demo.vcxproj -> C:\Users\bodys_000\Desktop\311\1 Engine - finsihed scale\Final opy\3 add the skybox now\Code\ISE\ISE-Demo\Debug\ISE-Demo.exe
       FinalizeBuildStatus:
         Deleting file "Debug\ISE-Demo.unsuccessfulbuild".
         Touching "Debug\ISE-Demo.lastbuildstate".
     1>Done Building Project "C:\Users\bodys_000\Desktop\311\1 Engine - finsihed scale\Final opy\3 add the skybox now\Code\ISE\ISE-Demo\ISE-Demo\ISE-Demo.vcxproj" (build target(s)).

Build succeeded.

Time Elapsed 00:01:09.03
